<?xml version="1.0" encoding="UTF-8"?>
<testsuite xmlns:xsi="http://www.w3.org/2001/XMLSchema-instance" xsi:noNamespaceSchemaLocation="https://maven.apache.org/surefire/maven-surefire-plugin/xsd/surefire-test-report.xsd" name="com.ssmcrud.MvcTest" time="2.667" tests="1" errors="1" skipped="0" failures="0">
  <properties>
[...]
</properties>
  <testcase name="testPage" classname="com.ssmcrud.MvcTest" time="0.762">
    <error type="java.lang.NullPointerException">java.lang.NullPointerException
	at com.ssmcrud.MvcTest.testPage(MvcTest.java:50)
</error>
    <system-err><![CDATA[五月 03, 2022 5:47:04 下午 org.springframework.test.context.web.WebTestContextBootstrapper getDefaultTestExecutionListenerClassNames
信息: Loaded default TestExecutionListener class names from location [META-INF/spring.factories]: [org.springframework.test.context.web.ServletTestExecutionListener, org.springframework.test.context.support.DirtiesContextBeforeModesTestExecutionListener, org.springframework.test.context.support.DependencyInjectionTestExecutionListener, org.springframework.test.context.support.DirtiesContextTestExecutionListener, org.springframework.test.context.transaction.TransactionalTestExecutionListener, org.springframework.test.context.jdbc.SqlScriptsTestExecutionListener]
五月 03, 2022 5:47:04 下午 org.springframework.test.context.web.WebTestContextBootstrapper getTestExecutionListeners
信息: Using TestExecutionListeners: [org.springframework.test.context.web.ServletTestExecutionListener@4b6690c0, org.springframework.test.context.support.DirtiesContextBeforeModesTestExecutionListener@46268f08, org.springframework.test.context.support.DependencyInjectionTestExecutionListener@2a76840c, org.springframework.test.context.support.DirtiesContextTestExecutionListener@71454b9d, org.springframework.test.context.transaction.TransactionalTestExecutionListener@eda25e5, org.springframework.test.context.jdbc.SqlScriptsTestExecutionListener@7cf6a5f9]
五月 03, 2022 5:47:04 下午 org.springframework.beans.factory.xml.XmlBeanDefinitionReader loadBeanDefinitions
信息: Loading XML bean definitions from class path resource [applicationContext.xml]
五月 03, 2022 5:47:05 下午 org.springframework.beans.factory.xml.XmlBeanDefinitionReader loadBeanDefinitions
信息: Loading XML bean definitions from URL [file:src/main/webapp/WEB-INF/dispatcherServlet-servlet.xml]
五月 03, 2022 5:47:05 下午 org.springframework.web.context.support.GenericWebApplicationContext prepareRefresh
信息: Refreshing org.springframework.web.context.support.GenericWebApplicationContext@35f26e72: startup date [Tue May 03 17:47:05 CST 2022]; root of context hierarchy
五月 03, 2022 5:47:05 下午 org.springframework.web.servlet.handler.SimpleUrlHandlerMapping registerHandler
信息: Mapped URL path [/**] onto handler 'org.springframework.web.servlet.resource.DefaultServletHttpRequestHandler#0'
五月 03, 2022 5:47:05 下午 org.springframework.web.servlet.mvc.method.annotation.RequestMappingHandlerMapping register
信息: Mapped "{[/depts]}" onto public com.ssmcrud.bean.Msg com.ssmcrud.controller.DepartmentController.getDepts()
五月 03, 2022 5:47:05 下午 org.springframework.web.servlet.mvc.method.annotation.RequestMappingHandlerMapping register
信息: Mapped "{[/emp],methods=[POST]}" onto public com.ssmcrud.bean.Msg com.ssmcrud.controller.EmployeeController.saveEmp(com.ssmcrud.bean.Employee,org.springframework.validation.BindingResult)
五月 03, 2022 5:47:05 下午 org.springframework.web.servlet.mvc.method.annotation.RequestMappingHandlerMapping register
信息: Mapped "{[/emp/{empId}],methods=[PUT]}" onto public com.ssmcrud.bean.Msg com.ssmcrud.controller.EmployeeController.saveEmp(com.ssmcrud.bean.Employee,javax.servlet.http.HttpServletRequest)
五月 03, 2022 5:47:05 下午 org.springframework.web.servlet.mvc.method.annotation.RequestMappingHandlerMapping register
信息: Mapped "{[/emp/{ids}],methods=[DELETE]}" onto public com.ssmcrud.bean.Msg com.ssmcrud.controller.EmployeeController.deleteEmp(java.lang.String)
五月 03, 2022 5:47:05 下午 org.springframework.web.servlet.mvc.method.annotation.RequestMappingHandlerMapping register
信息: Mapped "{[/emp/{id}],methods=[GET]}" onto public com.ssmcrud.bean.Msg com.ssmcrud.controller.EmployeeController.getEmp(java.lang.Integer)
五月 03, 2022 5:47:05 下午 org.springframework.web.servlet.mvc.method.annotation.RequestMappingHandlerMapping register
信息: Mapped "{[/checkuser]}" onto public com.ssmcrud.bean.Msg com.ssmcrud.controller.EmployeeController.checkuser(java.lang.String)
五月 03, 2022 5:47:05 下午 org.springframework.web.servlet.mvc.method.annotation.RequestMappingHandlerMapping register
信息: Mapped "{[/emps]}" onto public com.ssmcrud.bean.Msg com.ssmcrud.controller.EmployeeController.getEmpsWithJson(java.lang.Integer)
五月 03, 2022 5:47:05 下午 org.hibernate.validator.internal.util.Version <clinit>
INFO: HV000001: Hibernate Validator 5.4.1.Final
五月 03, 2022 5:47:06 下午 org.springframework.web.servlet.mvc.method.annotation.RequestMappingHandlerAdapter initControllerAdviceCache
信息: Looking for @ControllerAdvice: org.springframework.web.context.support.GenericWebApplicationContext@35f26e72: startup date [Tue May 03 17:47:05 CST 2022]; root of context hierarchy
五月 03, 2022 5:47:06 下午 org.springframework.web.servlet.mvc.method.annotation.RequestMappingHandlerAdapter initControllerAdviceCache
信息: Looking for @ControllerAdvice: org.springframework.web.context.support.GenericWebApplicationContext@35f26e72: startup date [Tue May 03 17:47:05 CST 2022]; root of context hierarchy
五月 03, 2022 5:47:06 下午 org.springframework.mock.web.MockServletContext log
信息: Initializing Spring FrameworkServlet ''
五月 03, 2022 5:47:06 下午 org.springframework.test.web.servlet.TestDispatcherServlet initServletBean
信息: FrameworkServlet '': initialization started
五月 03, 2022 5:47:06 下午 org.springframework.test.web.servlet.TestDispatcherServlet initServletBean
信息: FrameworkServlet '': initialization completed in 16 ms
五月 03, 2022 5:47:07 下午 com.mchange.v2.c3p0.impl.AbstractPoolBackedDataSource getPoolManager
信息: Initializing c3p0 pool... com.mchange.v2.c3p0.ComboPooledDataSource [ acquireIncrement -> 3, acquireRetryAttempts -> 30, acquireRetryDelay -> 1000, autoCommitOnClose -> false, automaticTestTable -> null, breakAfterAcquireFailure -> false, checkoutTimeout -> 0, connectionCustomizerClassName -> null, connectionTesterClassName -> com.mchange.v2.c3p0.impl.DefaultConnectionTester, dataSourceName -> 1hge139ao123m1rxjffi9a|4b20ca2b, debugUnreturnedConnectionStackTraces -> false, description -> null, driverClass -> com.mysql.jdbc.Driver, factoryClassLocation -> null, forceIgnoreUnresolvedTransactions -> false, identityToken -> 1hge139ao123m1rxjffi9a|4b20ca2b, idleConnectionTestPeriod -> 0, initialPoolSize -> 3, jdbcUrl -> jdbc:mysql://localhost:3306/ssm_crud, lastAcquisitionFailureDefaultUser -> null, maxAdministrativeTaskTime -> 0, maxConnectionAge -> 0, maxIdleTime -> 0, maxIdleTimeExcessConnections -> 0, maxPoolSize -> 15, maxStatements -> 0, maxStatementsPerConnection -> 0, minPoolSize -> 3, numHelperThreads -> 3, numThreadsAwaitingCheckoutDefaultUser -> 0, preferredTestQuery -> null, properties -> {user=******, password=******}, propertyCycle -> 0, testConnectionOnCheckin -> false, testConnectionOnCheckout -> false, unreturnedConnectionTimeout -> 0, usesTraditionalReflectiveProxies -> false ]
Tue May 03 17:47:07 CST 2022 WARN: Establishing SSL connection without server's identity verification is not recommended. According to MySQL 5.5.45+, 5.6.26+ and 5.7.6+ requirements SSL connection must be established by default if explicit option isn't set. For compliance with existing applications not using SSL the verifyServerCertificate property is set to 'false'. You need either to explicitly disable SSL by setting useSSL=false, or set useSSL=true and provide truststore for server certificate verification.
Tue May 03 17:47:07 CST 2022 WARN: Establishing SSL connection without server's identity verification is not recommended. According to MySQL 5.5.45+, 5.6.26+ and 5.7.6+ requirements SSL connection must be established by default if explicit option isn't set. For compliance with existing applications not using SSL the verifyServerCertificate property is set to 'false'. You need either to explicitly disable SSL by setting useSSL=false, or set useSSL=true and provide truststore for server certificate verification.
Tue May 03 17:47:07 CST 2022 WARN: Establishing SSL connection without server's identity verification is not recommended. According to MySQL 5.5.45+, 5.6.26+ and 5.7.6+ requirements SSL connection must be established by default if explicit option isn't set. For compliance with existing applications not using SSL the verifyServerCertificate property is set to 'false'. You need either to explicitly disable SSL by setting useSSL=false, or set useSSL=true and provide truststore for server certificate verification.
]]></system-err>
  </testcase>
</testsuite>